This is pdfTeX, Version 3.141592653-2.6-1.40.25 (TeX Live 2023/nixos.org) (preloaded format=pdflatex 1980.1.1)  15 OCT 2025 22:46
entering extended mode
 restricted \write18 enabled.
 %&-line parsing enabled.
**survey_paper.tex
(./survey_paper.tex
LaTeX2e <2023-11-01> patch level 1
L3 programming layer <2024-02-20>

(/nix/store/pmgqv45x7z36cdlfvmf79wl0mj2fk7hl-texlive-combined-full-2023-final-t
exmfdist/tex/latex/base/article.cls
Document Class: article 2023/05/17 v1.4n Standard LaTeX document class

(/nix/store/pmgqv45x7z36cdlfvmf79wl0mj2fk7hl-texlive-combined-full-2023-final-t
exmfdist/tex/latex/base/size10.clo
File: size10.clo 2023/05/17 v1.4n Standard LaTeX file (size option)
)
\c@part=\count188
\c@section=\count189
\c@subsection=\count190
\c@subsubsection=\count191
\c@paragraph=\count192
\c@subparagraph=\count193
\c@figure=\count194
\c@table=\count195
\abovecaptionskip=\skip48
\belowcaptionskip=\skip49
\bibindent=\dimen140
)
(/nix/store/pmgqv45x7z36cdlfvmf79wl0mj2fk7hl-texlive-combined-full-2023-final-t
exmfdist/tex/latex/graphics/epsfig.sty
Package: epsfig 2017/06/25 v1.7b (e)psfig emulation (SPQR)

(/nix/store/pmgqv45x7z36cdlfvmf79wl0mj2fk7hl-texlive-combined-full-2023-final-t
exmfdist/tex/latex/graphics/graphicx.sty
Package: graphicx 2021/09/16 v1.2d Enhanced LaTeX Graphics (DPC,SPQR)

(/nix/store/pmgqv45x7z36cdlfvmf79wl0mj2fk7hl-texlive-combined-full-2023-final-t
exmfdist/tex/latex/graphics/keyval.sty
Package: keyval 2022/05/29 v1.15 key=value parser (DPC)
\KV@toks@=\toks17
)
(/nix/store/pmgqv45x7z36cdlfvmf79wl0mj2fk7hl-texlive-combined-full-2023-final-t
exmfdist/tex/latex/graphics/graphics.sty
Package: graphics 2022/03/10 v1.4e Standard LaTeX Graphics (DPC,SPQR)

(/nix/store/pmgqv45x7z36cdlfvmf79wl0mj2fk7hl-texlive-combined-full-2023-final-t
exmfdist/tex/latex/graphics/trig.sty
Package: trig 2021/08/11 v1.11 sin cos tan (DPC)
)
(/nix/store/pmgqv45x7z36cdlfvmf79wl0mj2fk7hl-texlive-combined-full-2023-final-t
exmfdist/tex/latex/graphics-cfg/graphics.cfg
File: graphics.cfg 2016/06/04 v1.11 sample graphics configuration
)
Package graphics Info: Driver file: pdftex.def on input line 107.

(/nix/store/pmgqv45x7z36cdlfvmf79wl0mj2fk7hl-texlive-combined-full-2023-final-t
exmfdist/tex/latex/graphics-def/pdftex.def
File: pdftex.def 2022/09/22 v1.2b Graphics/color driver for pdftex
))
\Gin@req@height=\dimen141
\Gin@req@width=\dimen142
)
\epsfxsize=\dimen143
\epsfysize=\dimen144
)
(/nix/store/pmgqv45x7z36cdlfvmf79wl0mj2fk7hl-texlive-combined-full-2023-final-t
exmfdist/tex/latex/caption/subcaption.sty
Package: subcaption 2023/07/28 v1.6b Sub-captions (AR)

(/nix/store/pmgqv45x7z36cdlfvmf79wl0mj2fk7hl-texlive-combined-full-2023-final-t
exmfdist/tex/latex/caption/caption.sty
Package: caption 2023/08/05 v3.6o Customizing captions (AR)

(/nix/store/pmgqv45x7z36cdlfvmf79wl0mj2fk7hl-texlive-combined-full-2023-final-t
exmfdist/tex/latex/caption/caption3.sty
Package: caption3 2023/07/31 v2.4d caption3 kernel (AR)
\caption@tempdima=\dimen145
\captionmargin=\dimen146
\caption@leftmargin=\dimen147
\caption@rightmargin=\dimen148
\caption@width=\dimen149
\caption@indent=\dimen150
\caption@parindent=\dimen151
\caption@hangindent=\dimen152
Package caption Info: Standard document class detected.
)
\c@caption@flags=\count196
\c@continuedfloat=\count197
)
Package caption Info: New subtype `subfigure' on input line 238.
\c@subfigure=\count198
Package caption Info: New subtype `subtable' on input line 238.
\c@subtable=\count199
)
(/nix/store/pmgqv45x7z36cdlfvmf79wl0mj2fk7hl-texlive-combined-full-2023-final-t
exmfdist/tex/latex/tools/calc.sty
Package: calc 2023/07/08 v4.3 Infix arithmetic (KKT,FJ)
\calc@Acount=\count266
\calc@Bcount=\count267
\calc@Adimen=\dimen153
\calc@Bdimen=\dimen154
\calc@Askip=\skip50
\calc@Bskip=\skip51
LaTeX Info: Redefining \setlength on input line 80.
LaTeX Info: Redefining \addtolength on input line 81.
\calc@Ccount=\count268
\calc@Cskip=\skip52
)
(/nix/store/pmgqv45x7z36cdlfvmf79wl0mj2fk7hl-texlive-combined-full-2023-final-t
exmfdist/tex/latex/amsfonts/amssymb.sty
Package: amssymb 2013/01/14 v3.01 AMS font symbols

(/nix/store/pmgqv45x7z36cdlfvmf79wl0mj2fk7hl-texlive-combined-full-2023-final-t
exmfdist/tex/latex/amsfonts/amsfonts.sty
Package: amsfonts 2013/01/14 v3.01 Basic AMSFonts support
\@emptytoks=\toks18
\symAMSa=\mathgroup4
\symAMSb=\mathgroup5
LaTeX Font Info:    Redeclaring math symbol \hbar on input line 98.
LaTeX Font Info:    Overwriting math alphabet `\mathfrak' in version `bold'
(Font)                  U/euf/m/n --> U/euf/b/n on input line 106.
))
(/nix/store/pmgqv45x7z36cdlfvmf79wl0mj2fk7hl-texlive-combined-full-2023-final-t
exmfdist/tex/latex/amsmath/amstext.sty
Package: amstext 2021/08/26 v2.01 AMS text

(/nix/store/pmgqv45x7z36cdlfvmf79wl0mj2fk7hl-texlive-combined-full-2023-final-t
exmfdist/tex/latex/amsmath/amsgen.sty
File: amsgen.sty 1999/11/30 v2.0 generic functions
\@emptytoks=\toks19
\ex@=\dimen155
))
(/nix/store/pmgqv45x7z36cdlfvmf79wl0mj2fk7hl-texlive-combined-full-2023-final-t
exmfdist/tex/latex/amsmath/amsmath.sty
Package: amsmath 2023/05/13 v2.17o AMS math features
\@mathmargin=\skip53

For additional information on amsmath, use the `?' option.

(/nix/store/pmgqv45x7z36cdlfvmf79wl0mj2fk7hl-texlive-combined-full-2023-final-t
exmfdist/tex/latex/amsmath/amsbsy.sty
Package: amsbsy 1999/11/29 v1.2d Bold Symbols
\pmbraise@=\dimen156
)
(/nix/store/pmgqv45x7z36cdlfvmf79wl0mj2fk7hl-texlive-combined-full-2023-final-t
exmfdist/tex/latex/amsmath/amsopn.sty
Package: amsopn 2022/04/08 v2.04 operator names
)
\inf@bad=\count269
LaTeX Info: Redefining \frac on input line 234.
\uproot@=\count270
\leftroot@=\count271
LaTeX Info: Redefining \overline on input line 399.
LaTeX Info: Redefining \colon on input line 410.
\classnum@=\count272
\DOTSCASE@=\count273
LaTeX Info: Redefining \ldots on input line 496.
LaTeX Info: Redefining \dots on input line 499.
LaTeX Info: Redefining \cdots on input line 620.
\Mathstrutbox@=\box51
\strutbox@=\box52
LaTeX Info: Redefining \big on input line 722.
LaTeX Info: Redefining \Big on input line 723.
LaTeX Info: Redefining \bigg on input line 724.
LaTeX Info: Redefining \Bigg on input line 725.
\big@size=\dimen157
LaTeX Font Info:    Redeclaring font encoding OML on input line 743.
LaTeX Font Info:    Redeclaring font encoding OMS on input line 744.
\macc@depth=\count274
LaTeX Info: Redefining \bmod on input line 905.
LaTeX Info: Redefining \pmod on input line 910.
LaTeX Info: Redefining \smash on input line 940.
LaTeX Info: Redefining \relbar on input line 970.
LaTeX Info: Redefining \Relbar on input line 971.
\c@MaxMatrixCols=\count275
\dotsspace@=\muskip16
\c@parentequation=\count276
\dspbrk@lvl=\count277
\tag@help=\toks20
\row@=\count278
\column@=\count279
\maxfields@=\count280
\andhelp@=\toks21
\eqnshift@=\dimen158
\alignsep@=\dimen159
\tagshift@=\dimen160
\tagwidth@=\dimen161
\totwidth@=\dimen162
\lineht@=\dimen163
\@envbody=\toks22
\multlinegap=\skip54
\multlinetaggap=\skip55
\mathdisplay@stack=\toks23
LaTeX Info: Redefining \[ on input line 2953.
LaTeX Info: Redefining \] on input line 2954.
)
(/nix/store/pmgqv45x7z36cdlfvmf79wl0mj2fk7hl-texlive-combined-full-2023-final-t
exmfdist/tex/latex/amscls/amsthm.sty
Package: amsthm 2020/05/29 v2.20.6
\thm@style=\toks24
\thm@bodyfont=\toks25
\thm@headfont=\toks26
\thm@notefont=\toks27
\thm@headpunct=\toks28
\thm@preskip=\skip56
\thm@postskip=\skip57
\thm@headsep=\skip58
\dth@everypar=\toks29
)
(/nix/store/pmgqv45x7z36cdlfvmf79wl0mj2fk7hl-texlive-combined-full-2023-final-t
exmfdist/tex/latex/tools/multicol.sty
Package: multicol 2023/03/30 v1.9f multicolumn formatting (FMi)
\c@tracingmulticols=\count281
\mult@box=\box53
\multicol@leftmargin=\dimen164
\c@unbalance=\count282
\c@collectmore=\count283
\doublecol@number=\count284
\multicoltolerance=\count285
\multicolpretolerance=\count286
\full@width=\dimen165
\page@free=\dimen166
\premulticols=\dimen167
\postmulticols=\dimen168
\multicolsep=\skip59
\multicolbaselineskip=\skip60
\partial@page=\box54
\last@line=\box55
\mc@boxedresult=\box56
\maxbalancingoverflow=\dimen169
\mult@rightbox=\box57
\mult@grightbox=\box58
\mult@firstbox=\box59
\mult@gfirstbox=\box60
\@tempa=\box61
\@tempa=\box62
\@tempa=\box63
\@tempa=\box64
\@tempa=\box65
\@tempa=\box66
\@tempa=\box67
\@tempa=\box68
\@tempa=\box69
\@tempa=\box70
\@tempa=\box71
\@tempa=\box72
\@tempa=\box73
\@tempa=\box74
\@tempa=\box75
\@tempa=\box76
\@tempa=\box77
\@tempa=\box78
\@tempa=\box79
\@tempa=\box80
\@tempa=\box81
\@tempa=\box82
\@tempa=\box83
\@tempa=\box84
\@tempa=\box85
\@tempa=\box86
\@tempa=\box87
\@tempa=\box88
\@tempa=\box89
\@tempa=\box90
\@tempa=\box91
\@tempa=\box92
\@tempa=\box93
\@tempa=\box94
\@tempa=\box95
\@tempa=\box96
\c@minrows=\count287
\c@columnbadness=\count288
\c@finalcolumnbadness=\count289
\last@try=\dimen170
\multicolovershoot=\dimen171
\multicolundershoot=\dimen172
\mult@nat@firstbox=\box97
\colbreak@box=\box98
\mc@col@check@num=\count290
)
(/nix/store/pmgqv45x7z36cdlfvmf79wl0mj2fk7hl-texlive-combined-full-2023-final-t
exmfdist/tex/latex/psnfss/mathptmx.sty
Package: mathptmx 2020/03/25 PSNFSS-v9.3 Times w/ Math, improved (SPQR, WaS) 
LaTeX Font Info:    Redeclaring symbol font `operators' on input line 28.
LaTeX Font Info:    Overwriting symbol font `operators' in version `normal'
(Font)                  OT1/cmr/m/n --> OT1/ztmcm/m/n on input line 28.
LaTeX Font Info:    Overwriting symbol font `operators' in version `bold'
(Font)                  OT1/cmr/bx/n --> OT1/ztmcm/m/n on input line 28.
LaTeX Font Info:    Redeclaring symbol font `letters' on input line 29.
LaTeX Font Info:    Overwriting symbol font `letters' in version `normal'
(Font)                  OML/cmm/m/it --> OML/ztmcm/m/it on input line 29.
LaTeX Font Info:    Overwriting symbol font `letters' in version `bold'
(Font)                  OML/cmm/b/it --> OML/ztmcm/m/it on input line 29.
LaTeX Font Info:    Redeclaring symbol font `symbols' on input line 30.
LaTeX Font Info:    Overwriting symbol font `symbols' in version `normal'
(Font)                  OMS/cmsy/m/n --> OMS/ztmcm/m/n on input line 30.
LaTeX Font Info:    Overwriting symbol font `symbols' in version `bold'
(Font)                  OMS/cmsy/b/n --> OMS/ztmcm/m/n on input line 30.
LaTeX Font Info:    Redeclaring symbol font `largesymbols' on input line 31.
LaTeX Font Info:    Overwriting symbol font `largesymbols' in version `normal'
(Font)                  OMX/cmex/m/n --> OMX/ztmcm/m/n on input line 31.
LaTeX Font Info:    Overwriting symbol font `largesymbols' in version `bold'
(Font)                  OMX/cmex/m/n --> OMX/ztmcm/m/n on input line 31.
\symbold=\mathgroup6
\symitalic=\mathgroup7
LaTeX Font Info:    Redeclaring math alphabet \mathbf on input line 34.
LaTeX Font Info:    Overwriting math alphabet `\mathbf' in version `normal'
(Font)                  OT1/cmr/bx/n --> OT1/ptm/bx/n on input line 34.
LaTeX Font Info:    Overwriting math alphabet `\mathbf' in version `bold'
(Font)                  OT1/cmr/bx/n --> OT1/ptm/bx/n on input line 34.
LaTeX Font Info:    Redeclaring math alphabet \mathit on input line 35.
LaTeX Font Info:    Overwriting math alphabet `\mathit' in version `normal'
(Font)                  OT1/cmr/m/it --> OT1/ptm/m/it on input line 35.
LaTeX Font Info:    Overwriting math alphabet `\mathit' in version `bold'
(Font)                  OT1/cmr/bx/it --> OT1/ptm/m/it on input line 35.
LaTeX Info: Redefining \hbar on input line 50.
)
(/nix/store/pmgqv45x7z36cdlfvmf79wl0mj2fk7hl-texlive-combined-full-2023-final-t
exmfdist/tex/latex/algorithm2e/algorithm2e.sty
Package: algorithm2e 2017/07/18 v5.2 algorithms environments
\c@AlgoLine=\count291

(/nix/store/pmgqv45x7z36cdlfvmf79wl0mj2fk7hl-texlive-combined-full-2023-final-t
exmfdist/tex/latex/base/ifthen.sty
Package: ifthen 2022/04/13 v1.1d Standard LaTeX ifthen package (DPC)
)
\algocf@hangindent=\skip61

(/nix/store/pmgqv45x7z36cdlfvmf79wl0mj2fk7hl-texlive-combined-full-2023-final-t
exmfdist/tex/latex/ifoddpage/ifoddpage.sty
Package: ifoddpage 2022/10/18 v1.2 Conditionals for odd/even page detection
\c@checkoddpage=\count292
)
(/nix/store/pmgqv45x7z36cdlfvmf79wl0mj2fk7hl-texlive-combined-full-2023-final-t
exmfdist/tex/latex/tools/xspace.sty
Package: xspace 2014/10/28 v1.13 Space after command names (DPC,MH)
)
(/nix/store/pmgqv45x7z36cdlfvmf79wl0mj2fk7hl-texlive-combined-full-2023-final-t
exmfdist/tex/latex/relsize/relsize.sty
Package: relsize 2013/03/29 ver 4.1
)
\skiptotal=\skip62
\skiplinenumber=\skip63
\skiprule=\skip64
\skiphlne=\skip65
\skiptext=\skip66
\skiplength=\skip67
\algomargin=\skip68
\skipalgocfslide=\skip69
\algowidth=\dimen173
\inoutsize=\dimen174
\inoutindent=\dimen175
\interspacetitleruled=\dimen176
\interspacealgoruled=\dimen177
\interspacetitleboxruled=\dimen178
\algocf@ruledwidth=\skip70
\algocf@inoutbox=\box99
\algocf@inputbox=\box100
\AlCapSkip=\skip71
\AlCapHSkip=\skip72
\algoskipindent=\skip73
\algocf@nlbox=\box101
\algocf@hangingbox=\box102
\algocf@untilbox=\box103
\algocf@skipuntil=\skip74
\algocf@capbox=\box104
\algocf@lcaptionbox=\skip75
\algoheightruledefault=\skip76
\algoheightrule=\skip77
\algotitleheightruledefault=\skip78
\algotitleheightrule=\skip79
\c@algocfline=\count293
\c@algocfproc=\count294
\c@algocf=\count295
\algocf@algoframe=\box105
\algocf@algobox=\box106
)
(/nix/store/pmgqv45x7z36cdlfvmf79wl0mj2fk7hl-texlive-combined-full-2023-final-t
exmfdist/tex/latex/footmisc/footmisc.sty
Package: footmisc 2023/07/05 v6.0f a miscellany of footnote facilities
\FN@temptoken=\toks30
\footnotemargin=\dimen179
\@outputbox@depth=\dimen180
Package footmisc Info: Declaring symbol style bringhurst on input line 696.
Package footmisc Info: Declaring symbol style chicago on input line 704.
Package footmisc Info: Declaring symbol style wiley on input line 713.
Package footmisc Info: Declaring symbol style lamport-robust on input line 724.

Package footmisc Info: Declaring symbol style lamport* on input line 744.
Package footmisc Info: Declaring symbol style lamport*-robust on input line 765
.
) (./SCITEPRESS.sty
Conference Style for SCITEPRESS for LaTeX 2e -- version of May 2023
\titlebox=\skip80
)
LaTeX Font Info:    Trying to load font information for OT1+ptm on input line 1
6.

(/nix/store/pmgqv45x7z36cdlfvmf79wl0mj2fk7hl-texlive-combined-full-2023-final-t
exmfdist/tex/latex/psnfss/ot1ptm.fd
File: ot1ptm.fd 2001/06/04 font definitions for OT1/ptm.
)
(/nix/store/pmgqv45x7z36cdlfvmf79wl0mj2fk7hl-texlive-combined-full-2023-final-t
exmfdist/tex/latex/l3backend/l3backend-pdftex.def
File: l3backend-pdftex.def 2024-02-20 L3 backend support: PDF output (pdfTeX)
\l__color_backend_stack_int=\count296
\l__pdf_internal_box=\box107
) (./survey_paper.aux)
\openout1 = `survey_paper.aux'.

LaTeX Font Info:    Checking defaults for OML/cmm/m/it on input line 16.
LaTeX Font Info:    ... okay on input line 16.
LaTeX Font Info:    Checking defaults for OMS/cmsy/m/n on input line 16.
LaTeX Font Info:    ... okay on input line 16.
LaTeX Font Info:    Checking defaults for OT1/cmr/m/n on input line 16.
LaTeX Font Info:    ... okay on input line 16.
LaTeX Font Info:    Checking defaults for T1/cmr/m/n on input line 16.
LaTeX Font Info:    ... okay on input line 16.
LaTeX Font Info:    Checking defaults for TS1/cmr/m/n on input line 16.
LaTeX Font Info:    ... okay on input line 16.
LaTeX Font Info:    Checking defaults for OMX/cmex/m/n on input line 16.
LaTeX Font Info:    ... okay on input line 16.
LaTeX Font Info:    Checking defaults for U/cmr/m/n on input line 16.
LaTeX Font Info:    ... okay on input line 16.

(/nix/store/pmgqv45x7z36cdlfvmf79wl0mj2fk7hl-texlive-combined-full-2023-final-t
exmfdist/tex/context/base/mkii/supp-pdf.mkii
[Loading MPS to PDF converter (version 2006.09.02).]
\scratchcounter=\count297
\scratchdimen=\dimen181
\scratchbox=\box108
\nofMPsegments=\count298
\nofMParguments=\count299
\everyMPshowfont=\toks31
\MPscratchCnt=\count300
\MPscratchDim=\dimen182
\MPnumerator=\count301
\makeMPintoPDFobject=\count302
\everyMPtoPDFconversion=\toks32
)
(/nix/store/pmgqv45x7z36cdlfvmf79wl0mj2fk7hl-texlive-combined-full-2023-final-t
exmfdist/tex/latex/epstopdf-pkg/epstopdf-base.sty
Package: epstopdf-base 2020-01-24 v2.11 Base part for package epstopdf
Package epstopdf-base Info: Redefining graphics rule for `.eps' on input line 4
85.

(/nix/store/pmgqv45x7z36cdlfvmf79wl0mj2fk7hl-texlive-combined-full-2023-final-t
exmfdist/tex/latex/latexconfig/epstopdf-sys.cfg
File: epstopdf-sys.cfg 2010/07/13 v1.3 Configuration of (r)epstopdf for TeX Liv
e
))
Package caption Info: Begin \AtBeginDocument code.
Package caption Info: End \AtBeginDocument code.
LaTeX Font Info:    Calculating math sizes for size <11> on input line 46.
LaTeX Font Info:    Trying to load font information for OT1+ztmcm on input line
 46.

(/nix/store/pmgqv45x7z36cdlfvmf79wl0mj2fk7hl-texlive-combined-full-2023-final-t
exmfdist/tex/latex/psnfss/ot1ztmcm.fd
File: ot1ztmcm.fd 2000/01/03 Fontinst v1.801 font definitions for OT1/ztmcm.
)
LaTeX Font Info:    Trying to load font information for OML+ztmcm on input line
 46.

(/nix/store/pmgqv45x7z36cdlfvmf79wl0mj2fk7hl-texlive-combined-full-2023-final-t
exmfdist/tex/latex/psnfss/omlztmcm.fd
File: omlztmcm.fd 2000/01/03 Fontinst v1.801 font definitions for OML/ztmcm.
)
LaTeX Font Info:    Trying to load font information for OMS+ztmcm on input line
 46.

(/nix/store/pmgqv45x7z36cdlfvmf79wl0mj2fk7hl-texlive-combined-full-2023-final-t
exmfdist/tex/latex/psnfss/omsztmcm.fd
File: omsztmcm.fd 2000/01/03 Fontinst v1.801 font definitions for OMS/ztmcm.
)
LaTeX Font Info:    Trying to load font information for OMX+ztmcm on input line
 46.

(/nix/store/pmgqv45x7z36cdlfvmf79wl0mj2fk7hl-texlive-combined-full-2023-final-t
exmfdist/tex/latex/psnfss/omxztmcm.fd
File: omxztmcm.fd 2000/01/03 Fontinst v1.801 font definitions for OMX/ztmcm.
)
LaTeX Font Info:    Font shape `OT1/ptm/bx/n' in size <11> not available
(Font)              Font shape `OT1/ptm/b/n' tried instead on input line 46.
LaTeX Font Info:    Font shape `OT1/ptm/bx/n' in size <8.14006> not available
(Font)              Font shape `OT1/ptm/b/n' tried instead on input line 46.
LaTeX Font Info:    Font shape `OT1/ptm/bx/n' in size <6.60007> not available
(Font)              Font shape `OT1/ptm/b/n' tried instead on input line 46.
LaTeX Font Info:    Font shape `OT1/ptm/bx/n' in size <9> not available
(Font)              Font shape `OT1/ptm/b/n' tried instead on input line 46.
LaTeX Font Info:    Font shape `OT1/ptm/bx/n' in size <7> not available
(Font)              Font shape `OT1/ptm/b/n' tried instead on input line 46.
LaTeX Font Info:    Font shape `OT1/ptm/bx/n' in size <5> not available
(Font)              Font shape `OT1/ptm/b/n' tried instead on input line 46.

Underfull \hbox (badness 10000) in paragraph at lines 46--46

 []


Underfull \hbox (badness 1521) in paragraph at lines 55--56
[]\OT1/ptm/m/n/10 This sur-vey aims to pro-vide an overview of
 []

[1{/nix/store/2k37baj1fissbch51hww7hf4gkvyy9si-texlive-combined-full-2023-final
/share/texmf-var/fonts/map/pdftex/updmap/pdftex.map}{/nix/store/pmgqv45x7z36cdl
fvmf79wl0mj2fk7hl-texlive-combined-full-2023-final-texmfdist/fonts/enc/dvips/ba
se/8r.enc}




]
Underfull \hbox (badness 1137) in paragraph at lines 62--63
\OT1/ptm/m/n/10 pose a min-i-mal ISA ex-ten-sion for SIMT ex-e-cu-
 []


Underfull \hbox (badness 1163) in paragraph at lines 77--78
[]\OT1/ptm/m/n/10 This sur-vey pro-vides crit-i-cal in-sights into ar-
 []


Underfull \hbox (badness 1024) in paragraph at lines 77--78
\OT1/ptm/m/n/10 es-tab-lishes de-sign pat-terns and best prac-tices for
 []

[2]
Underfull \hbox (badness 3000) in paragraph at lines 84--85
[]\OT1/ptm/m/n/10 The adop-tion pat-terns demon-strate RISC-V's
 []


Underfull \hbox (badness 3098) in paragraph at lines 84--85
\OT1/ptm/m/n/10 vi-a-bil-ity across pro-ces-sor com-plex-ity spec-trums,
 []


Underfull \hbox (badness 1264) in paragraph at lines 89--90
\OT1/ptm/m/n/10 con-fig-u-ra-tions, im-prov-ing syn-chro-niza-tion mech-a-
 []

[3]
Underfull \hbox (badness 1122) in paragraph at lines 103--104
\OT1/ptm/m/n/10 pro-to-typ-ing plat-forms for im-ple-ment-ing het-ero-ge-
 []

<../../pipeline_design.png, id=16, 2953.0325pt x 2697.07625pt>
File: ../../pipeline_design.png Graphic file (type png)
<use ../../pipeline_design.png>
Package pdftex.def Info: ../../pipeline_design.png  used on input line 119.
(pdftex.def)             Requested size: 449.59116pt x 410.59363pt.

LaTeX Warning: `h' float specifier changed to `ht'.

[4] [5 <../../pipeline_design.png>]
Underfull \hbox (badness 1248) in paragraph at lines 131--132
[]\OT1/ptm/m/n/10 Recent ad-vance-ments in het-ero-ge-neous RISC-
 []


Underfull \hbox (badness 5622) in paragraph at lines 133--134
\OT1/ptm/m/n/10 ware/software co-design in ad-dress-ing evolv-ing
 []


Underfull \hbox (badness 1902) in paragraph at lines 148--149
\OT1/ptm/m/n/10 TinyAI Ap-pli-ca-tions. \OT1/ptm/m/it/10 IEEE Trans-ac-tions on

 []


Underfull \hbox (badness 2237) in paragraph at lines 157--158
[]\OT1/ptm/m/n/10 Li, Z., Hu, W., & Chen, S. (2019, Au-
 []


Underfull \hbox (badness 1688) in paragraph at lines 157--158
\OT1/ptm/m/it/10 mu-ni-ca-tions; IEEE 17th In-ter-na-tional Con-
 []


Underfull \hbox (badness 2027) in paragraph at lines 157--158
\OT1/ptm/m/it/10 fer-ence on Smart City; IEEE 5th In-ter-na-
 []


Underfull \hbox (badness 2426) in paragraph at lines 166--167
\OT1/ptm/m/n/10 ram-e-ter-ized RISC-V. \OT1/ptm/m/it/10 IEEE Trans-ac-tions on
 []

[6]
Underfull \hbox (badness 6348) in paragraph at lines 190--191
[]\OT1/ptm/m/n/10 Al Kadi, M., Janssen, B., & Hueb-ner,
 []


Underfull \hbox (badness 7504) in paragraph at lines 190--191
\OT1/ptm/m/n/10 M. (2016, Febru-ary). FGPU: An SIMT-
 []


Underfull \hbox (badness 2368) in paragraph at lines 190--191
\OT1/ptm/m/it/10 Field-Programmable Gate Ar-rays \OT1/ptm/m/n/10 (pp. 254-
 []


Underfull \hbox (badness 10000) in paragraph at lines 193--194
[]\OT1/ptm/m/n/10 OpenHW Group. (2019). \OT1/ptm/m/it/10 Open-Bus In-ter-
 []


Underfull \hbox (badness 10000) in paragraph at lines 193--194
\OT1/ptm/m/it/10 face (OBI) Spec-i-fi-ca-tion\OT1/ptm/m/n/10 . Re-trieved from
 []


Overfull \hbox (12.9937pt too wide) in paragraph at lines 193--194
\OT1/cmtt/m/n/10 https://openhwgroup.org/specifications/ 
 []


Underfull \hbox (badness 10000) in paragraph at lines 196--197
[]\OT1/ptm/m/n/10 Vortex GPGPU. (n.d.). GitHub
 []


Underfull \hbox (badness 10000) in paragraph at lines 196--197
\OT1/ptm/m/n/10 repos-i-tory. Re-trieved from
 []


Overfull \hbox (2.49379pt too wide) in paragraph at lines 196--197
\OT1/cmtt/m/n/10 https://github.com/vortexgpgpu/vortex 
 []


Underfull \hbox (badness 10000) in paragraph at lines 199--200
[]\OT1/ptm/m/n/10 Smol GPU. (n.d.). GitHub
 []


Underfull \hbox (badness 10000) in paragraph at lines 199--200
\OT1/ptm/m/n/10 repos-i-tory. Re-trieved from
 []


Underfull \hbox (badness 10000) in paragraph at lines 202--203
[]\OT1/ptm/m/n/10 RISCY. (n.d.). GitHub
 []


Underfull \hbox (badness 10000) in paragraph at lines 202--203
\OT1/ptm/m/n/10 repos-i-tory. Re-trieved from
 []

[7

] (./survey_paper.aux)
 ***********
LaTeX2e <2023-11-01> patch level 1
L3 programming layer <2024-02-20>
 ***********
 ) 
Here is how much of TeX's memory you used:
 5756 strings out of 474116
 98853 string characters out of 5717523
 1942187 words of memory out of 5000000
 28049 multiletter control sequences out of 15000+600000
 594503 words of font info for 110 fonts, out of 8000000 for 9000
 1141 hyphenation exceptions out of 8191
 72i,7n,79p,1370b,340s stack positions out of 10000i,1000n,20000p,200000b,200000s
</nix/store/pmgqv45x7z36cdlfvmf79wl0mj2fk7hl-texlive-combined-full-2023-final
-texmfdist/fonts/type1/public/amsfonts/cm/cmitt10.pfb></nix/store/pmgqv45x7z36c
dlfvmf79wl0mj2fk7hl-texlive-combined-full-2023-final-texmfdist/fonts/type1/publ
ic/amsfonts/cm/cmtt10.pfb></nix/store/pmgqv45x7z36cdlfvmf79wl0mj2fk7hl-texlive-
combined-full-2023-final-texmfdist/fonts/type1/urw/times/utmb8a.pfb></nix/store
/pmgqv45x7z36cdlfvmf79wl0mj2fk7hl-texlive-combined-full-2023-final-texmfdist/fo
nts/type1/urw/times/utmr8a.pfb></nix/store/pmgqv45x7z36cdlfvmf79wl0mj2fk7hl-tex
live-combined-full-2023-final-texmfdist/fonts/type1/urw/times/utmri8a.pfb>
Output written on survey_paper.pdf (7 pages, 346940 bytes).
PDF statistics:
 57 PDF objects out of 1000 (max. 8388607)
 35 compressed objects within 1 object stream
 0 named destinations out of 1000 (max. 500000)
 6 words of extra memory for PDF output out of 10000 (max. 10000000)

